#
# A fatal error has been detected by the Java Runtime Environment:
#
#  Internal Error (javaClasses.cpp:129), pid=5260, tid=2416
#  fatal error: Invalid layout of preloaded class
#
# JRE version: 7.0_25-b17
# Java VM: Java HotSpot(TM) Client VM (23.25-b01 mixed mode windows-x86 )
# Failed to write core dump. Minidumps are not enabled by default on client versions of Windows
#
# If you would like to submit a bug report, please visit:
#   http://bugreport.sun.com/bugreport/crash.jsp
#

---------------  T H R E A D  ---------------

Current thread (0x0176b400):  JavaThread "Unknown thread" [_thread_in_vm, id=2416, stack(0x016f0000,0x01740000)]

Stack: [0x016f0000,0x01740000],  sp=0x0173f4f8,  free space=317k
Native frames: (J=compiled Java code, j=interpreted, Vv=VM code, C=native code)
V  [jvm.dll+0x167e31]
V  [jvm.dll+0x1620f6]
V  [jvm.dll+0x1f92f]
V  [jvm.dll+0x1f9b6]
V  [jvm.dll+0x2cffd]
V  [jvm.dll+0x2d2a9]
V  [jvm.dll+0x75351]
V  [jvm.dll+0x7570b]
V  [jvm.dll+0x123881]
V  [jvm.dll+0x1439cc]
V  [jvm.dll+0xa619f]
C  [javaw.exe+0x13ca]
C  [javaw.exe+0x1e3c]
C  [javaw.exe+0xa5b1]
C  [javaw.exe+0xa63b]
C  [kernel32.dll+0x4ed5c]  BaseThreadInitThunk+0x12
C  [ntdll.dll+0x637eb]  RtlInitializeExceptionChain+0xef
C  [ntdll.dll+0x637be]  RtlInitializeExceptionChain+0xc2


---------------  P R O C E S S  ---------------

Java Threads: ( => current thread )

Other Threads:

=>0x0176b400 (exited) JavaThread "Unknown thread" [_thread_in_vm, id=2416, stack(0x016f0000,0x01740000)]

VM state:not at safepoint (not fully initialized)

VM Mutex/Monitor currently owned by a thread: None

GC Heap History (0 events):
No events

Deoptimization events (0 events):
No events

Internal exceptions (0 events):
No events

Events (10 events):
Event: 0.012 loading class 0x01786fd0 done
Event: 0.013 loading class 0x01786490 done
Event: 0.013 loading class 0x01786468
Event: 0.013 loading class 0x017fd818
Event: 0.013 loading class 0x017fd818 done
Event: 0.013 loading class 0x017fd850
Event: 0.013 loading class 0x017fd850 done
Event: 0.013 loading class 0x017f22a0
Event: 0.013 loading class 0x017f22a0 done
Event: 0.013 loading class 0x01786468 done


Dynamic libraries:
0x00080000 - 0x000af000 	C:\Program Files\Java\jre7\bin\javaw.exe
0x770f0000 - 0x7722c000 	C:\Windows\SYSTEM32\ntdll.dll
0x754b0000 - 0x75584000 	C:\Windows\system32\kernel32.dll
0x75390000 - 0x753db000 	C:\Windows\system32\KERNELBASE.dll
0x75610000 - 0x756b0000 	C:\Windows\system32\ADVAPI32.dll
0x757f0000 - 0x7589c000 	C:\Windows\system32\msvcrt.dll
0x76e10000 - 0x76e29000 	C:\Windows\SYSTEM32\sechost.dll
0x75b90000 - 0x75c32000 	C:\Windows\system32\RPCRT4.dll
0x75a40000 - 0x75b09000 	C:\Windows\system32\USER32.dll
0x772d0000 - 0x7731e000 	C:\Windows\system32\GDI32.dll
0x756b0000 - 0x756ba000 	C:\Windows\system32\LPK.dll
0x76b70000 - 0x76c0d000 	C:\Windows\system32\USP10.dll
0x73f30000 - 0x740ce000 	C:\Windows\WinSxS\x86_microsoft.windows.common-controls_6595b64144ccf1df_6.0.7601.17514_none_41e6975e2bd6f2b2\COMCTL32.dll
0x77230000 - 0x77287000 	C:\Windows\system32\SHLWAPI.dll
0x75490000 - 0x754af000 	C:\Windows\system32\IMM32.DLL
0x77020000 - 0x770ec000 	C:\Windows\system32\MSCTF.dll
0x687b0000 - 0x6886e000 	C:\Program Files\Java\jre7\bin\msvcr100.dll
0x5fc40000 - 0x5ff82000 	C:\Program Files\Java\jre7\bin\client\jvm.dll
0x6f060000 - 0x6f067000 	C:\Windows\system32\WSOCK32.dll
0x75e00000 - 0x75e35000 	C:\Windows\system32\WS2_32.dll
0x77290000 - 0x77296000 	C:\Windows\system32\NSI.dll
0x71d30000 - 0x71d62000 	C:\Windows\system32\WINMM.dll
0x75600000 - 0x75605000 	C:\Windows\system32\PSAPI.DLL
0x72780000 - 0x7278c000 	C:\Program Files\Java\jre7\bin\verify.dll
0x6cc00000 - 0x6cc20000 	C:\Program Files\Java\jre7\bin\java.dll
0x6cbe0000 - 0x6cbf3000 	C:\Program Files\Java\jre7\bin\zip.dll
0x6b670000 - 0x6b75b000 	C:\Windows\system32\dbghelp.dll

VM Arguments:
jvm_args: -Dfile.encoding=Cp1252 -Xbootclasspath:C:\adt-bundle-windows-x86-20130729\sdk\platforms\android-18\android.jar 
java_command: com.excuseMe.dbAccess.accountAccess
Launcher Type: SUN_STANDARD

Environment Variables:
PATH=C:/Program Files/Java/jre7/bin/client;C:/Program Files/Java/jre7/bin;C:/Program Files/Java/jre7/lib/i386;C:\Program Files\NVIDIA Corporation\PhysX\Common;C:\Windows\system32;C:\Windows;C:\Windows\System32\Wbem;C:\Windows\System32\WindowsPowerShel l\v1.0\;C:\Program Files\Common Files\Microsoft Shared\Windows Live;MC_HOME\lib\pcnt.lib;C:\Windows\system32;C:\Windows;C:\Windows\System32\Wbem;C:\Windows\System32\WindowsPowerShell\v1.0\;C:\Program Files\Aldec\Active-HDL 8.1\BIN;C:\Program Files\Aldec\Active-HDL 8.2\BIN;HummPATH;C:\Aldec\Active-HDL 8.3\BIN;C:\Program Files\Windows Live\Shared;C:\Program Files\Rational\common;C:\Program Files\QuickTime\QTSystem\;C:\Program Files\Microsoft Visual Studio 10.0\VC\bin;C:\Program Files\Microsoft Visual Studio 10.0\Common7\IDE;C:\Program Files\Microsoft Visual Studio 10.0\VC\BIN;C:\Program Files\Microsoft Visual Studio 10.0\Common7\Tools;C:\WINDOWS\Microsoft.NET\Framework\v3.5;C:\WINDOWS\Microsoft.NET\Framework\v2.0.50727;C:\Program Files\Microsoft Visual Studio 10.0\VC\VCPackages;C:\Program Files\Microsoft SDKs\Windows\v6.0A\bin;C:\Aldec\Active-HDL 9.1\bin;C:\adt-bundle-windows-x86-20130729\eclipse;
USERNAME=szetos06
OS=Windows_NT
PROCESSOR_IDENTIFIER=x86 Family 6 Model 23 Stepping 10, GenuineIntel



---------------  S Y S T E M  ---------------

OS: Windows 7 Build 7601 Service Pack 1

CPU:total 2 (2 cores per cpu, 1 threads per core) family 6 model 23 stepping 10, cmov, cx8, fxsr, mmx, sse, sse2, sse3, ssse3, sse4.1, tsc

Memory: 4k page, physical 3144952k(994568k free), swap 6288152k(3859856k free)

vm_info: Java HotSpot(TM) Client VM (23.25-b01) for windows-x86 JRE (1.7.0_25-b17), built on Jun 21 2013 13:06:48 by "java_re" with unknown MS VC++:1600

time: Tue Oct 29 02:46:11 2013
elapsed time: 0 seconds

